0 info it worked if it ends with ok
1 verbose cli [ 'E:\\Program Files\\Cordova\\nodejs\\\\node.exe',
1 verbose cli   'E:\\Program Files\\Cordova\\nodejs\\node_modules\\npm\\bin\\npm-cli.js',
1 verbose cli   'init' ]
2 info using npm@2.7.4
3 info using node@v0.12.2
4 verbose node symlink E:\Program Files\Cordova\nodejs\\node.exe
5 verbose config Skipping project config: C:\Users\Admin/.npmrc. (matches userconfig)
6 silly package data undefined
7 info init written successfully
8 verbose stack Error: Invalid name: "mpm install read --save"
8 verbose stack     at ensureValidName (E:\Program Files\Cordova\nodejs\node_modules\npm\node_modules\normalize-package-data\lib\fixer.js:322:15)
8 verbose stack     at Object.module.exports.fixNameField (E:\Program Files\Cordova\nodejs\node_modules\npm\node_modules\normalize-package-data\lib\fixer.js:211:5)
8 verbose stack     at E:\Program Files\Cordova\nodejs\node_modules\npm\node_modules\normalize-package-data\lib\normalize.js:30:38
8 verbose stack     at Array.forEach (native)
8 verbose stack     at normalize (E:\Program Files\Cordova\nodejs\node_modules\npm\node_modules\normalize-package-data\lib\normalize.js:29:15)
8 verbose stack     at final (E:\Program Files\Cordova\nodejs\node_modules\npm\node_modules\read-package-json\read-json.js:368:33)
8 verbose stack     at then (E:\Program Files\Cordova\nodejs\node_modules\npm\node_modules\read-package-json\read-json.js:127:33)
8 verbose stack     at E:\Program Files\Cordova\nodejs\node_modules\npm\node_modules\read-package-json\read-json.js:332:40
8 verbose stack     at evalmachine.<anonymous>:334:14
8 verbose stack     at E:\Program Files\Cordova\nodejs\node_modules\npm\node_modules\graceful-fs\graceful-fs.js:102:5
9 verbose cwd C:\Users\Admin\Documents\GitHub\Zadaniya
10 error Windows_NT 6.3.9600
11 error argv "E:\\Program Files\\Cordova\\nodejs\\\\node.exe" "E:\\Program Files\\Cordova\\nodejs\\node_modules\\npm\\bin\\npm-cli.js" "init"
12 error node v0.12.2
13 error npm  v2.7.4
14 error Invalid name: "mpm install read --save"
15 error If you need help, you may report this error at:
15 error     <https://github.com/npm/npm/issues>
16 verbose exit [ 1, true ]
